  AssetManager.cpp
f:\code\vrengine\vrengine\assetmanager\assetmanager.h : warning C4819: 该文件包含不能在当前代码页(936)中表示的字符。请将该文件保存为 Unicode 格式以防止数据丢失
f:\code\vrengine\vrengine\assetmanager\assetmanager.h(10): fatal error C1083: 无法打开包括文件: “glm/glm.hpp”: No such file or directory
  Loader.cpp
f:\code\vrengine\vrengine\assetmanager\loader.h(17): warning C4018: “<”: 有符号/无符号不匹配
f:\code\vrengine\vrengine\assetmanager\loader.h(26): warning C4018: “<”: 有符号/无符号不匹配
f:\code\vrengine\vrengine\assetmanager\loader.h(34): warning C4018: “<”: 有符号/无符号不匹配
f:\code\vrengine\vrengine\assetmanager\loader.h(43): warning C4018: “<”: 有符号/无符号不匹配
  main.cpp
f:\code\vrengine\vrengine\scene\scene.h(13): fatal error C1083: 无法打开包括文件: “GL/glew.h”: No such file or directory
  myWindow.cpp
f:\code\vrengine\vrengine\massage\mywindow.h : warning C4819: 该文件包含不能在当前代码页(936)中表示的字符。请将该文件保存为 Unicode 格式以防止数据丢失
f:\code\vrengine\vrengine\massage\mywindow.h(6): fatal error C1083: 无法打开包括文件: “GL/glew.h”: No such file or directory
  object.cpp
f:\code\vrengine\vrengine\object\object.h : warning C4819: 该文件包含不能在当前代码页(936)中表示的字符。请将该文件保存为 Unicode 格式以防止数据丢失
f:\code\vrengine\vrengine\object\object.h(10): fatal error C1083: 无法打开包括文件: “glm/glm.hpp”: No such file or directory
  2dScene.cpp
f:\code\vrengine\vrengine\scene\2dscene.h(6): fatal error C1083: 无法打开包括文件: “GL/glew.h”: No such file or directory
  scene.cpp
f:\code\vrengine\vrengine\scene\scene.cpp : warning C4819: 该文件包含不能在当前代码页(936)中表示的字符。请将该文件保存为 Unicode 格式以防止数据丢失
f:\code\vrengine\vrengine\scene\scene.h(13): fatal error C1083: 无法打开包括文件: “GL/glew.h”: No such file or directory
  VRDriver.cpp
f:\code\vrengine\vrengine\vrdriver\vrdriver.h : warning C4819: 该文件包含不能在当前代码页(936)中表示的字符。请将该文件保存为 Unicode 格式以防止数据丢失
f:\code\vrengine\vrengine\vrdriver\vrdriver.h(14): fatal error C1083: 无法打开包括文件: “GL/glew.h”: No such file or directory
  正在生成代码...
